actionid: py27
msg: getenv
cmdargs: ['E:\\learn\\mainshi\\.tox\\py27\\Scripts\\pip.EXE', 'install', 'pytest', 'pytest-cov', 'pytest-timeout', 'pytest-xdist', 'mock']

Collecting pytest
  Using cached pytest-3.3.0-py2.py3-none-any.whl
Collecting pytest-cov
  Using cached pytest_cov-2.5.1-py2.py3-none-any.whl
Collecting pytest-timeout
  Using cached pytest_timeout-1.2.1-py2.py3-none-any.whl
Collecting pytest-xdist
  Using cached pytest_xdist-1.20.1-py2.py3-none-any.whl
Collecting mock
  Using cached mock-2.0.0-py2.py3-none-any.whl
Collecting py>=1.5.0 (from pytest)
  Using cached py-1.5.2-py2.py3-none-any.whl
Collecting attrs>=17.2.0 (from pytest)
  Using cached attrs-17.3.0-py2.py3-none-any.whl
Collecting six>=1.10.0 (from pytest)
  Using cached six-1.11.0-py2.py3-none-any.whl
Collecting pluggy<0.7,>=0.5 (from pytest)
Collecting funcsigs; python_version < "3.0" (from pytest)
  Using cached funcsigs-1.0.2-py2.py3-none-any.whl
Requirement already satisfied: setuptools in e:\learn\mainshi\.tox\py27\lib\site-packages (from pytest)
Collecting colorama; sys_platform == "win32" (from pytest)
  Using cached colorama-0.3.9-py2.py3-none-any.whl
Collecting coverage>=3.7.1 (from pytest-cov)
  Using cached coverage-4.4.2-cp27-cp27m-win_amd64.whl
Collecting execnet>=1.1 (from pytest-xdist)
  Using cached execnet-1.5.0-py2.py3-none-any.whl
Collecting pytest-forked (from pytest-xdist)
  Using cached pytest_forked-0.2-py2.py3-none-any.whl
Collecting pbr>=0.11 (from mock)
  Using cached pbr-3.1.1-py2.py3-none-any.whl
Collecting apipkg>=1.4 (from execnet>=1.1->pytest-xdist)
  Using cached apipkg-1.4-py2.py3-none-any.whl
Installing collected packages: py, attrs, six, pluggy, funcsigs, colorama, pytest, coverage, pytest-cov, pytest-timeout, apipkg, execnet, pytest-forked, pytest-xdist, pbr, mock
Successfully installed apipkg-1.4 attrs-17.3.0 colorama-0.3.9 coverage-4.4.2 execnet-1.5.0 funcsigs-1.0.2 mock-2.0.0 pbr-3.1.1 pluggy-0.6.0 py-1.5.2 pytest-3.3.0 pytest-cov-2.5.1 pytest-forked-0.2 pytest-timeout-1.2.1 pytest-xdist-1.20.1 six-1.11.0
