actionid: pep8
msg: getenv
cmdargs: ['E:\\learn\\mainshi\\.tox\\pep8\\Scripts\\pip.EXE', 'install', 'flake8 == 3.4.1']

Collecting flake8==3.4.1
  Using cached flake8-3.4.1-py2.py3-none-any.whl
Collecting mccabe<0.7.0,>=0.6.0 (from flake8==3.4.1)
  Downloading mccabe-0.6.1-py2.py3-none-any.whl
Collecting pycodestyle<2.4.0,>=2.0.0 (from flake8==3.4.1)
  Downloading pycodestyle-2.3.1-py2.py3-none-any.whl (45kB)
Collecting enum34; python_version < "3.4" (from flake8==3.4.1)
  Downloading enum34-1.1.6-py2-none-any.whl
Collecting configparser; python_version < "3.2" (from flake8==3.4.1)
  Downloading configparser-3.5.0.tar.gz
Collecting pyflakes<1.6.0,>=1.5.0 (from flake8==3.4.1)
  Downloading pyflakes-1.5.0-py2.py3-none-any.whl (225kB)
Building wheels for collected packages: configparser
  Running setup.py bdist_wheel for configparser: started
  Running setup.py bdist_wheel for configparser: finished with status 'done'
  Stored in directory: C:\Users\Administrator\AppData\Local\pip\Cache\wheels\1c\bd\b4\277af3f6c40645661b4cd1c21df26aca0f2e1e9714a1d4cda8
Successfully built configparser
Installing collected packages: mccabe, pycodestyle, enum34, configparser, pyflakes, flake8
Successfully installed configparser-3.5.0 enum34-1.1.6 flake8-3.4.1 mccabe-0.6.1 pycodestyle-2.3.1 pyflakes-1.5.0
